<?xml version="1.0" encoding="UTF-8"?>
<!-- Generated by org.testng.reporters.JUnitXMLReporter -->
<testsuite ignored="2" hostname="BCTCL-DL5420143" failures="0" tests="1" name="TestCase_03" time="84.347" errors="0" timestamp="2022-06-10T09:36:56 IST">
  <testcase classname="com.ews.testcases.Testcases" name="logging1" time="83.223"/>
  <testcase classname="com.ews.testcases.Testcases" name="loginPage_Validations" time="0.0">
    <ignored/>
  </testcase> <!-- loginPage_Validations -->
  <testcase classname="com.ews.testcases.Testcases" name="logging" time="0.0">
    <ignored/>
  </testcase> <!-- logging -->
</testsuite> <!-- TestCase_03 -->
