<?xml version="1.0" encoding="UTF-8"?>
<!-- Generated by org.testng.reporters.JUnitXMLReporter -->
<testsuite ignored="1" hostname="BCTCL-DL5420143" failures="0" tests="1" name="TestCase_01" time="113.948" errors="0" timestamp="2022-06-10T10:07:38 IST">
  <testcase classname="com.ews.testcases.Testcases" name="loginPage_Validations" time="113.668"/>
  <testcase classname="com.ews.testcases.Testcases" name="logging" time="0.0">
    <ignored/>
  </testcase> <!-- logging -->
</testsuite> <!-- TestCase_01 -->
