<?xml version="1.0" encoding="UTF-8"?>
<!-- Generated by org.testng.reporters.JUnitXMLReporter -->
<testsuite ignored="1" hostname="BCTCL-DL5420143" failures="0" tests="1" name="TestCase_02" time="71.221" errors="0" timestamp="2022-06-10T10:08:49 IST">
  <testcase classname="com.ews.testcases.Testcases" name="logging" time="71.207"/>
  <testcase classname="com.ews.testcases.Testcases" name="loginPage_Validations" time="0.0">
    <ignored/>
  </testcase> <!-- loginPage_Validations -->
</testsuite> <!-- TestCase_02 -->
