<?xml version="1.0" encoding="UTF-8"?>
<!-- Generated by org.testng.reporters.JUnitXMLReporter -->
<testsuite ignored="0" hostname="BCTCL-DL5420143" failures="0" tests="3" name="Test" time="0.291" errors="0" timestamp="2022-06-09T20:04:22 IST">
  <testcase classname="com.ews.baseclass.Baseclass" name="@BeforeTest browser_lunch" time="-1.654785261927E9">
    <failure type="org.testng.TestNGException" message="
Can inject only one of &amp;lt;ITestContext, XmlTest&amp;gt; into a @BeforeTest annotated browser_lunch.
For more information on native dependency injection please refer to http://testng.org/doc/documentation-main.html#native-dependency-injection">
      <![CDATA[org.testng.TestNGException: 
Can inject only one of <ITestContext, XmlTest> into a @BeforeTest annotated browser_lunch.
For more information on native dependency injection please refer to http://testng.org/doc/documentation-main.html#native-dependency-injection
... Removed 21 stack frames]]>
    </failure>
  </testcase> <!-- @BeforeTest browser_lunch -->
  <testcase classname="com.ews.baseclass.Baseclass" name="@AfterTest closeBrower" time="-1.654785261969E9">
    <skipped/>
  </testcase> <!-- @AfterTest closeBrower -->
  <testcase classname="com.ews.testcases.Testcases" name="login" time="0.0">
    <skipped/>
  </testcase> <!-- login -->
  <testcase classname="com.ews.testcases.Testcases" name="getTitle" time="0.0">
    <skipped/>
  </testcase> <!-- getTitle -->
  <testcase classname="com.ews.testcases.Testcases" name="logout" time="0.0">
    <skipped/>
  </testcase> <!-- logout -->
</testsuite> <!-- Test -->
