<?xml version="1.0" encoding="UTF-8"?>
<testng-results ignored="0" total="2" passed="2" failed="0" skipped="0">
  <reporter-output>
  </reporter-output>
  <suite started-at="2022-10-05T12:09:39 IST" name="Default suite" finished-at="2022-10-05T12:10:57 IST" duration-ms="78530">
    <groups>
    </groups>
    <test started-at="2022-10-05T12:09:39 IST" name="Default test" finished-at="2022-10-05T12:10:57 IST" duration-ms="78530">
      <class name="com.ews.testcases.Rerun2">
        <test-method signature="loginPage_Validations()[pri:1, instance:com.ews.testcases.Rerun2@50ad3bc1]" started-at="2022-10-05T12:09:39 IST" name="loginPage_Validations" finished-at="2022-10-05T12:10:21 IST" duration-ms="41887" status="PASS">
          <reporter-output>
          </reporter-output>
        </test-method> <!-- loginPage_Validations -->
        <test-method signature="logging()[pri:2, instance:com.ews.testcases.Rerun2@50ad3bc1]" started-at="2022-10-05T12:10:21 IST" name="logging" finished-at="2022-10-05T12:10:57 IST" duration-ms="36461" status="PASS">
          <reporter-output>
          </reporter-output>
        </test-method> <!-- logging -->
      </class> <!-- com.ews.testcases.Rerun2 -->
    </test> <!-- Default test -->
  </suite> <!-- Default suite -->
</testng-results>
